2025-09-16 22:03:42,041 - data_cleaner - [INFO] - Removed 1 duplicate rows
2025-09-16 22:03:42,041 - data_cleaner - [INFO] - Completed remove_duplicates: 1 changes made
2025-09-16 22:03:42,045 - data_cleaner - [INFO] - Completed standardize_text: 104 changes made
2025-09-16 22:03:42,092 - data_cleaner - [INFO] - Completed fix_data_types: 1 changes made
2025-09-16 22:03:42,095 - data_cleaner - [INFO] - Completed clean_numeric: 2 changes made
2025-09-16 22:03:42,096 - data_cleaner - [INFO] - Completed standardize_dates: 0 changes made
2025-09-16 22:03:42,099 - data_cleaner - [INFO] - Completed normalize_strings: 0 changes made
2025-09-17 21:43:57,663 - data_cleaner - [INFO] - Completed remove_duplicates: 0 changes made
2025-09-17 21:43:57,709 - data_cleaner - [INFO] - Completed standardize_text: 8 changes made
2025-09-17 21:43:57,709 - data_cleaner - [INFO] - Completed fix_data_types: 0 changes made
2025-09-17 21:43:57,709 - data_cleaner - [INFO] - Completed clean_numeric: 0 changes made
2025-09-17 21:43:57,718 - data_cleaner - [INFO] - Completed standardize_dates: 0 changes made
2025-09-17 21:43:57,722 - data_cleaner - [INFO] - Completed normalize_strings: 0 changes made
2025-09-17 21:45:31,859 - data_cleaner - [INFO] - Completed remove_duplicates: 0 changes made
2025-09-17 21:45:31,862 - data_cleaner - [INFO] - Completed standardize_text: 8 changes made
2025-09-17 21:45:31,864 - data_cleaner - [INFO] - Completed fix_data_types: 0 changes made
2025-09-17 21:45:31,864 - data_cleaner - [INFO] - Completed clean_numeric: 0 changes made
2025-09-17 21:45:31,864 - data_cleaner - [INFO] - Completed standardize_dates: 0 changes made
2025-09-17 21:45:31,867 - data_cleaner - [INFO] - Completed normalize_strings: 0 changes made
2025-09-17 23:25:16,362 - data_cleaner - [INFO] - Completed remove_duplicates: 0 changes made
2025-09-17 23:25:16,365 - data_cleaner - [INFO] - Completed standardize_text: 8 changes made
2025-09-17 23:25:16,368 - data_cleaner - [INFO] - Completed fix_data_types: 0 changes made
2025-09-17 23:25:16,368 - data_cleaner - [INFO] - Completed clean_numeric: 0 changes made
2025-09-17 23:25:16,368 - data_cleaner - [INFO] - Completed standardize_dates: 0 changes made
2025-09-17 23:25:16,368 - data_cleaner - [INFO] - Completed normalize_strings: 0 changes made
2025-09-17 23:25:52,222 - data_cleaner - [INFO] - Completed remove_duplicates: 0 changes made
2025-09-17 23:25:52,222 - data_cleaner - [INFO] - Completed standardize_text: 8 changes made
2025-09-17 23:25:52,222 - data_cleaner - [INFO] - Completed fix_data_types: 0 changes made
2025-09-17 23:25:52,222 - data_cleaner - [INFO] - Completed clean_numeric: 0 changes made
2025-09-17 23:25:52,222 - data_cleaner - [INFO] - Completed standardize_dates: 0 changes made
2025-09-17 23:25:52,238 - data_cleaner - [INFO] - Completed normalize_strings: 0 changes made
2025-09-18 09:03:08,250 - data_cleaner - [INFO] - Completed remove_duplicates: 0 changes made
2025-09-18 09:03:08,250 - data_cleaner - [INFO] - Completed standardize_text: 8 changes made
2025-09-18 09:03:08,262 - data_cleaner - [INFO] - Completed fix_data_types: 0 changes made
2025-09-18 09:03:08,265 - data_cleaner - [INFO] - Completed clean_numeric: 0 changes made
2025-09-18 09:03:08,265 - data_cleaner - [INFO] - Completed standardize_dates: 0 changes made
2025-09-18 09:03:08,267 - data_cleaner - [INFO] - Completed normalize_strings: 0 changes made
2025-09-18 09:25:18,348 - data_cleaner - [INFO] - Completed remove_duplicates: 0 changes made
2025-09-18 09:25:18,348 - data_cleaner - [INFO] - Completed standardize_text: 8 changes made
2025-09-18 09:25:18,348 - data_cleaner - [INFO] - Completed fix_data_types: 0 changes made
2025-09-18 09:25:18,348 - data_cleaner - [INFO] - Completed clean_numeric: 0 changes made
2025-09-18 09:25:18,348 - data_cleaner - [INFO] - Completed standardize_dates: 0 changes made
2025-09-18 09:25:18,348 - data_cleaner - [INFO] - Completed normalize_strings: 0 changes made
2025-09-18 09:27:00,572 - data_cleaner - [INFO] - Completed remove_duplicates: 0 changes made
2025-09-18 09:27:00,573 - data_cleaner - [INFO] - Completed standardize_text: 8 changes made
2025-09-18 09:27:00,573 - data_cleaner - [INFO] - Completed fix_data_types: 0 changes made
2025-09-18 09:27:00,573 - data_cleaner - [INFO] - Completed clean_numeric: 0 changes made
2025-09-18 09:27:00,573 - data_cleaner - [INFO] - Completed standardize_dates: 0 changes made
2025-09-18 09:27:00,573 - data_cleaner - [INFO] - Completed normalize_strings: 0 changes made
2025-09-18 09:32:51,189 - data_cleaner - [INFO] - Completed remove_duplicates: 0 changes made
2025-09-18 09:32:51,190 - data_cleaner - [INFO] - Completed standardize_text: 8 changes made
2025-09-18 09:32:51,193 - data_cleaner - [INFO] - Completed fix_data_types: 0 changes made
2025-09-18 09:32:51,193 - data_cleaner - [INFO] - Completed clean_numeric: 0 changes made
2025-09-18 09:32:51,194 - data_cleaner - [INFO] - Completed standardize_dates: 0 changes made
2025-09-18 09:32:51,195 - data_cleaner - [INFO] - Completed normalize_strings: 0 changes made
2025-09-18 09:38:28,459 - data_cleaner - [INFO] - Completed remove_duplicates: 0 changes made
2025-09-18 09:38:28,466 - data_cleaner - [INFO] - Completed standardize_text: 8 changes made
2025-09-18 09:38:28,467 - data_cleaner - [INFO] - Completed fix_data_types: 0 changes made
2025-09-18 09:38:28,468 - data_cleaner - [INFO] - Completed clean_numeric: 0 changes made
2025-09-18 09:38:28,469 - data_cleaner - [INFO] - Completed standardize_dates: 0 changes made
2025-09-18 09:38:28,469 - data_cleaner - [INFO] - Completed normalize_strings: 0 changes made
2025-09-18 09:42:38,437 - data_cleaner - [INFO] - Completed remove_duplicates: 0 changes made
2025-09-18 09:42:38,438 - data_cleaner - [INFO] - Completed standardize_text: 8 changes made
2025-09-18 09:42:38,438 - data_cleaner - [INFO] - Completed fix_data_types: 0 changes made
2025-09-18 09:42:38,438 - data_cleaner - [INFO] - Completed clean_numeric: 0 changes made
2025-09-18 09:42:38,438 - data_cleaner - [INFO] - Completed standardize_dates: 0 changes made
2025-09-18 09:42:38,438 - data_cleaner - [INFO] - Completed normalize_strings: 0 changes made
2025-09-18 09:47:16,225 - data_cleaner - [INFO] - Completed remove_duplicates: 0 changes made
2025-09-18 09:47:16,228 - data_cleaner - [INFO] - Completed standardize_text: 8 changes made
2025-09-18 09:47:16,228 - data_cleaner - [INFO] - Completed fix_data_types: 0 changes made
2025-09-18 09:47:16,228 - data_cleaner - [INFO] - Completed clean_numeric: 0 changes made
2025-09-18 09:47:16,228 - data_cleaner - [INFO] - Completed standardize_dates: 0 changes made
2025-09-18 09:47:16,228 - data_cleaner - [INFO] - Completed normalize_strings: 0 changes made
2025-09-18 09:47:39,865 - data_cleaner - [INFO] - Completed remove_duplicates: 0 changes made
2025-09-18 09:47:39,865 - data_cleaner - [INFO] - Completed standardize_text: 8 changes made
2025-09-18 09:47:39,865 - data_cleaner - [INFO] - Completed fix_data_types: 0 changes made
2025-09-18 09:47:39,865 - data_cleaner - [INFO] - Completed clean_numeric: 0 changes made
2025-09-18 09:47:39,865 - data_cleaner - [INFO] - Completed standardize_dates: 0 changes made
2025-09-18 09:47:39,865 - data_cleaner - [INFO] - Completed normalize_strings: 0 changes made
2025-09-18 09:50:59,149 - data_cleaner - [INFO] - Completed remove_duplicates: 0 changes made
2025-09-18 09:50:59,149 - data_cleaner - [INFO] - Completed standardize_text: 8 changes made
2025-09-18 09:50:59,153 - data_cleaner - [INFO] - Completed fix_data_types: 0 changes made
2025-09-18 09:50:59,153 - data_cleaner - [INFO] - Completed clean_numeric: 0 changes made
2025-09-18 09:50:59,153 - data_cleaner - [INFO] - Completed standardize_dates: 0 changes made
2025-09-18 09:50:59,156 - data_cleaner - [INFO] - Completed normalize_strings: 0 changes made
2025-09-18 09:54:36,954 - data_cleaner - [INFO] - Completed remove_duplicates: 0 changes made
2025-09-18 09:54:36,956 - data_cleaner - [INFO] - Completed standardize_text: 8 changes made
2025-09-18 09:54:36,958 - data_cleaner - [INFO] - Completed fix_data_types: 0 changes made
2025-09-18 09:54:36,958 - data_cleaner - [INFO] - Completed clean_numeric: 0 changes made
2025-09-18 09:54:36,959 - data_cleaner - [INFO] - Completed standardize_dates: 0 changes made
2025-09-18 09:54:36,961 - data_cleaner - [INFO] - Completed normalize_strings: 0 changes made
2025-09-18 09:55:25,140 - data_cleaner - [INFO] - Completed remove_duplicates: 0 changes made
2025-09-18 09:55:25,140 - data_cleaner - [INFO] - Completed standardize_text: 8 changes made
2025-09-18 09:55:25,140 - data_cleaner - [INFO] - Completed fix_data_types: 0 changes made
2025-09-18 09:55:25,140 - data_cleaner - [INFO] - Completed clean_numeric: 0 changes made
2025-09-18 09:55:25,140 - data_cleaner - [INFO] - Completed standardize_dates: 0 changes made
2025-09-18 09:55:25,140 - data_cleaner - [INFO] - Completed normalize_strings: 0 changes made
2025-09-18 09:56:20,138 - data_cleaner - [INFO] - Completed remove_duplicates: 0 changes made
2025-09-18 09:56:20,138 - data_cleaner - [INFO] - Completed standardize_text: 8 changes made
2025-09-18 09:56:20,138 - data_cleaner - [INFO] - Completed fix_data_types: 0 changes made
2025-09-18 09:56:20,138 - data_cleaner - [INFO] - Completed clean_numeric: 0 changes made
2025-09-18 09:56:20,138 - data_cleaner - [INFO] - Completed standardize_dates: 0 changes made
2025-09-18 09:56:20,145 - data_cleaner - [INFO] - Completed normalize_strings: 0 changes made
2025-09-18 09:56:45,032 - data_cleaner - [INFO] - Completed remove_duplicates: 0 changes made
2025-09-18 09:56:45,032 - data_cleaner - [INFO] - Completed standardize_text: 8 changes made
2025-09-18 09:56:45,032 - data_cleaner - [INFO] - Completed fix_data_types: 0 changes made
2025-09-18 09:56:45,032 - data_cleaner - [INFO] - Completed clean_numeric: 0 changes made
2025-09-18 09:56:45,032 - data_cleaner - [INFO] - Completed standardize_dates: 0 changes made
2025-09-18 09:56:45,032 - data_cleaner - [INFO] - Completed normalize_strings: 0 changes made
2025-09-18 10:00:03,496 - data_cleaner - [INFO] - Completed remove_duplicates: 0 changes made
2025-09-18 10:00:03,496 - data_cleaner - [INFO] - Completed standardize_text: 8 changes made
2025-09-18 10:00:03,496 - data_cleaner - [INFO] - Completed fix_data_types: 0 changes made
2025-09-18 10:00:03,496 - data_cleaner - [INFO] - Completed clean_numeric: 0 changes made
2025-09-18 10:00:03,496 - data_cleaner - [INFO] - Completed standardize_dates: 0 changes made
2025-09-18 10:00:03,496 - data_cleaner - [INFO] - Completed normalize_strings: 0 changes made
2025-09-18 10:00:29,538 - data_cleaner - [INFO] - Completed remove_duplicates: 0 changes made
2025-09-18 10:00:29,538 - data_cleaner - [INFO] - Completed standardize_text: 8 changes made
2025-09-18 10:00:29,538 - data_cleaner - [INFO] - Completed fix_data_types: 0 changes made
2025-09-18 10:00:29,538 - data_cleaner - [INFO] - Completed clean_numeric: 0 changes made
2025-09-18 10:00:29,538 - data_cleaner - [INFO] - Completed standardize_dates: 0 changes made
2025-09-18 10:00:29,554 - data_cleaner - [INFO] - Completed normalize_strings: 0 changes made
2025-09-18 10:00:54,381 - data_cleaner - [INFO] - Completed remove_duplicates: 0 changes made
2025-09-18 10:00:54,381 - data_cleaner - [INFO] - Completed standardize_text: 8 changes made
2025-09-18 10:00:54,381 - data_cleaner - [INFO] - Completed fix_data_types: 0 changes made
2025-09-18 10:00:54,381 - data_cleaner - [INFO] - Completed clean_numeric: 0 changes made
2025-09-18 10:00:54,381 - data_cleaner - [INFO] - Completed standardize_dates: 0 changes made
2025-09-18 10:00:54,389 - data_cleaner - [INFO] - Completed normalize_strings: 0 changes made
2025-09-18 10:03:30,099 - data_cleaner - [INFO] - Completed remove_duplicates: 0 changes made
2025-09-18 10:03:30,101 - data_cleaner - [INFO] - Completed standardize_text: 8 changes made
2025-09-18 10:03:30,102 - data_cleaner - [INFO] - Completed fix_data_types: 0 changes made
2025-09-18 10:03:30,102 - data_cleaner - [INFO] - Completed clean_numeric: 0 changes made
2025-09-18 10:03:30,104 - data_cleaner - [INFO] - Completed standardize_dates: 0 changes made
2025-09-18 10:03:30,105 - data_cleaner - [INFO] - Completed normalize_strings: 0 changes made
2025-09-18 10:04:01,528 - data_cleaner - [INFO] - Completed remove_duplicates: 0 changes made
2025-09-18 10:04:01,530 - data_cleaner - [INFO] - Completed standardize_text: 8 changes made
2025-09-18 10:04:01,530 - data_cleaner - [INFO] - Completed fix_data_types: 0 changes made
2025-09-18 10:04:01,530 - data_cleaner - [INFO] - Completed clean_numeric: 0 changes made
2025-09-18 10:04:01,530 - data_cleaner - [INFO] - Completed standardize_dates: 0 changes made
2025-09-18 10:04:01,538 - data_cleaner - [INFO] - Completed normalize_strings: 0 changes made
2025-09-18 10:20:31,721 - data_cleaner - [INFO] - Completed remove_duplicates: 0 changes made
2025-09-18 10:20:31,723 - data_cleaner - [INFO] - Completed standardize_text: 8 changes made
2025-09-18 10:20:31,725 - data_cleaner - [INFO] - Completed fix_data_types: 0 changes made
2025-09-18 10:20:31,725 - data_cleaner - [INFO] - Completed clean_numeric: 0 changes made
2025-09-18 10:20:31,727 - data_cleaner - [INFO] - Completed standardize_dates: 0 changes made
2025-09-18 10:20:31,731 - data_cleaner - [INFO] - Completed normalize_strings: 0 changes made
2025-09-18 10:23:02,992 - data_cleaner - [INFO] - Completed remove_duplicates: 0 changes made
2025-09-18 10:23:02,998 - data_cleaner - [INFO] - Completed standardize_text: 0 changes made
2025-09-18 10:23:03,001 - data_cleaner - [INFO] - Completed fix_data_types: 0 changes made
2025-09-18 10:23:03,001 - data_cleaner - [INFO] - Completed clean_numeric: 0 changes made
2025-09-18 10:23:03,001 - data_cleaner - [INFO] - Completed standardize_dates: 0 changes made
2025-09-18 10:23:03,001 - data_cleaner - [INFO] - Completed normalize_strings: 0 changes made
2025-09-18 10:23:03,052 - data_cleaner - [INFO] - Completed remove_duplicates: 0 changes made
2025-09-18 10:23:03,054 - data_cleaner - [INFO] - Completed standardize_text: 0 changes made
2025-09-18 10:23:03,056 - data_cleaner - [INFO] - Completed fix_data_types: 0 changes made
2025-09-18 10:23:03,056 - data_cleaner - [INFO] - Completed clean_numeric: 0 changes made
2025-09-18 10:23:03,058 - data_cleaner - [INFO] - Completed standardize_dates: 0 changes made
2025-09-18 10:23:03,060 - data_cleaner - [INFO] - Completed normalize_strings: 0 changes made
2025-09-18 10:23:03,063 - data_cleaner - [INFO] - Completed remove_outliers: 1 changes made
2025-09-18 10:23:03,064 - data_cleaner - [INFO] - Completed validate_formats: 0 changes made
2025-09-18 10:23:03,069 - data_cleaner - [INFO] - Completed remove_duplicates: 0 changes made
2025-09-18 10:23:03,071 - data_cleaner - [INFO] - Completed standardize_text: 0 changes made
2025-09-18 10:23:03,073 - data_cleaner - [INFO] - Completed fix_data_types: 0 changes made
2025-09-18 10:23:03,073 - data_cleaner - [INFO] - Completed clean_numeric: 0 changes made
2025-09-18 10:23:03,075 - data_cleaner - [INFO] - Completed standardize_dates: 0 changes made
2025-09-18 10:23:03,076 - data_cleaner - [INFO] - Completed normalize_strings: 0 changes made
2025-09-18 10:24:20,604 - data_cleaner - [INFO] - Completed remove_duplicates: 0 changes made
2025-09-18 10:24:20,606 - data_cleaner - [INFO] - Completed standardize_text: 0 changes made
2025-09-18 10:24:20,606 - data_cleaner - [INFO] - Completed fix_data_types: 0 changes made
2025-09-18 10:24:20,608 - data_cleaner - [INFO] - Completed clean_numeric: 0 changes made
2025-09-18 10:24:20,608 - data_cleaner - [INFO] - Completed standardize_dates: 0 changes made
2025-09-18 10:24:20,610 - data_cleaner - [INFO] - Completed normalize_strings: 0 changes made
2025-09-18 10:24:20,661 - data_cleaner - [INFO] - Completed remove_duplicates: 0 changes made
2025-09-18 10:24:20,661 - data_cleaner - [INFO] - Completed standardize_text: 0 changes made
2025-09-18 10:24:20,661 - data_cleaner - [INFO] - Completed fix_data_types: 0 changes made
2025-09-18 10:24:20,661 - data_cleaner - [INFO] - Completed clean_numeric: 0 changes made
2025-09-18 10:24:20,661 - data_cleaner - [INFO] - Completed standardize_dates: 0 changes made
2025-09-18 10:24:20,661 - data_cleaner - [INFO] - Completed normalize_strings: 0 changes made
2025-09-18 10:24:20,676 - data_cleaner - [INFO] - Completed remove_outliers: 1 changes made
2025-09-18 10:24:20,676 - data_cleaner - [INFO] - Completed validate_formats: 0 changes made
2025-09-18 10:24:20,687 - data_cleaner - [INFO] - Completed remove_duplicates: 0 changes made
2025-09-18 10:24:20,687 - data_cleaner - [INFO] - Completed standardize_text: 0 changes made
2025-09-18 10:24:20,687 - data_cleaner - [INFO] - Completed fix_data_types: 0 changes made
2025-09-18 10:24:20,687 - data_cleaner - [INFO] - Completed clean_numeric: 0 changes made
2025-09-18 10:24:20,687 - data_cleaner - [INFO] - Completed standardize_dates: 0 changes made
2025-09-18 10:24:20,692 - data_cleaner - [INFO] - Completed normalize_strings: 0 changes made
2025-09-18 10:24:58,791 - data_cleaner - [INFO] - Completed remove_duplicates: 0 changes made
2025-09-18 10:24:58,791 - data_cleaner - [INFO] - Completed standardize_text: 0 changes made
2025-09-18 10:24:58,794 - data_cleaner - [INFO] - Completed fix_data_types: 0 changes made
2025-09-18 10:24:58,795 - data_cleaner - [INFO] - Completed clean_numeric: 0 changes made
2025-09-18 10:24:58,795 - data_cleaner - [INFO] - Completed standardize_dates: 0 changes made
2025-09-18 10:24:58,795 - data_cleaner - [INFO] - Completed normalize_strings: 0 changes made
2025-09-18 10:24:58,849 - data_cleaner - [INFO] - Completed remove_duplicates: 0 changes made
2025-09-18 10:24:58,849 - data_cleaner - [INFO] - Completed standardize_text: 0 changes made
2025-09-18 10:24:58,849 - data_cleaner - [INFO] - Completed fix_data_types: 0 changes made
2025-09-18 10:24:58,849 - data_cleaner - [INFO] - Completed clean_numeric: 0 changes made
2025-09-18 10:24:58,849 - data_cleaner - [INFO] - Completed standardize_dates: 0 changes made
2025-09-18 10:24:58,849 - data_cleaner - [INFO] - Completed normalize_strings: 0 changes made
2025-09-18 10:24:58,849 - data_cleaner - [INFO] - Completed remove_outliers: 1 changes made
2025-09-18 10:24:58,849 - data_cleaner - [INFO] - Completed validate_formats: 0 changes made
2025-09-18 10:24:58,862 - data_cleaner - [INFO] - Completed remove_duplicates: 0 changes made
2025-09-18 10:24:58,864 - data_cleaner - [INFO] - Completed standardize_text: 0 changes made
2025-09-18 10:24:58,864 - data_cleaner - [INFO] - Completed fix_data_types: 0 changes made
2025-09-18 10:24:58,864 - data_cleaner - [INFO] - Completed clean_numeric: 0 changes made
2025-09-18 10:24:58,864 - data_cleaner - [INFO] - Completed standardize_dates: 0 changes made
2025-09-18 10:24:58,868 - data_cleaner - [INFO] - Completed normalize_strings: 0 changes made
2025-09-18 10:25:25,174 - data_cleaner - [INFO] - Completed remove_duplicates: 0 changes made
2025-09-18 10:25:25,178 - data_cleaner - [INFO] - Completed standardize_text: 0 changes made
2025-09-18 10:25:25,179 - data_cleaner - [INFO] - Completed fix_data_types: 0 changes made
2025-09-18 10:25:25,179 - data_cleaner - [INFO] - Completed clean_numeric: 0 changes made
2025-09-18 10:25:25,179 - data_cleaner - [INFO] - Completed standardize_dates: 0 changes made
2025-09-18 10:25:25,182 - data_cleaner - [INFO] - Completed normalize_strings: 0 changes made
2025-09-18 10:25:25,230 - data_cleaner - [INFO] - Completed remove_duplicates: 0 changes made
2025-09-18 10:25:25,233 - data_cleaner - [INFO] - Completed standardize_text: 0 changes made
2025-09-18 10:25:25,233 - data_cleaner - [INFO] - Completed fix_data_types: 0 changes made
2025-09-18 10:25:25,235 - data_cleaner - [INFO] - Completed clean_numeric: 0 changes made
2025-09-18 10:25:25,235 - data_cleaner - [INFO] - Completed standardize_dates: 0 changes made
2025-09-18 10:25:25,237 - data_cleaner - [INFO] - Completed normalize_strings: 0 changes made
2025-09-18 10:25:25,239 - data_cleaner - [INFO] - Completed remove_outliers: 1 changes made
2025-09-18 10:25:25,239 - data_cleaner - [INFO] - Completed validate_formats: 0 changes made
2025-09-18 10:25:25,244 - data_cleaner - [INFO] - Completed remove_duplicates: 0 changes made
2025-09-18 10:25:25,246 - data_cleaner - [INFO] - Completed standardize_text: 0 changes made
2025-09-18 10:25:25,246 - data_cleaner - [INFO] - Completed fix_data_types: 0 changes made
2025-09-18 10:25:25,248 - data_cleaner - [INFO] - Completed clean_numeric: 0 changes made
2025-09-18 10:25:25,249 - data_cleaner - [INFO] - Completed standardize_dates: 0 changes made
2025-09-18 10:25:25,249 - data_cleaner - [INFO] - Completed normalize_strings: 0 changes made
2025-09-18 10:25:45,585 - data_cleaner - [INFO] - Completed remove_duplicates: 0 changes made
2025-09-18 10:25:45,585 - data_cleaner - [INFO] - Completed standardize_text: 0 changes made
2025-09-18 10:25:45,585 - data_cleaner - [INFO] - Completed fix_data_types: 0 changes made
2025-09-18 10:25:45,585 - data_cleaner - [INFO] - Completed clean_numeric: 0 changes made
2025-09-18 10:25:45,595 - data_cleaner - [INFO] - Completed standardize_dates: 0 changes made
2025-09-18 10:25:45,599 - data_cleaner - [INFO] - Completed normalize_strings: 0 changes made
2025-09-18 10:25:45,655 - data_cleaner - [INFO] - Completed remove_duplicates: 0 changes made
2025-09-18 10:25:45,657 - data_cleaner - [INFO] - Completed standardize_text: 0 changes made
2025-09-18 10:25:45,660 - data_cleaner - [INFO] - Completed fix_data_types: 0 changes made
2025-09-18 10:25:45,662 - data_cleaner - [INFO] - Completed clean_numeric: 0 changes made
2025-09-18 10:25:45,665 - data_cleaner - [INFO] - Completed standardize_dates: 0 changes made
2025-09-18 10:25:45,665 - data_cleaner - [INFO] - Completed normalize_strings: 0 changes made
2025-09-18 10:25:45,669 - data_cleaner - [INFO] - Completed remove_outliers: 1 changes made
2025-09-18 10:25:45,669 - data_cleaner - [INFO] - Completed validate_formats: 0 changes made
2025-09-18 10:25:45,679 - data_cleaner - [INFO] - Completed remove_duplicates: 0 changes made
2025-09-18 10:25:45,679 - data_cleaner - [INFO] - Completed standardize_text: 0 changes made
2025-09-18 10:25:45,679 - data_cleaner - [INFO] - Completed fix_data_types: 0 changes made
2025-09-18 10:25:45,679 - data_cleaner - [INFO] - Completed clean_numeric: 0 changes made
2025-09-18 10:25:45,679 - data_cleaner - [INFO] - Completed standardize_dates: 0 changes made
2025-09-18 10:25:45,679 - data_cleaner - [INFO] - Completed normalize_strings: 0 changes made
2025-09-18 10:32:22,996 - data_cleaner - [INFO] - Completed remove_duplicates: 0 changes made
2025-09-18 10:32:22,996 - data_cleaner - [INFO] - Completed standardize_text: 0 changes made
2025-09-18 10:32:22,996 - data_cleaner - [INFO] - Completed fix_data_types: 0 changes made
2025-09-18 10:32:22,996 - data_cleaner - [INFO] - Completed clean_numeric: 0 changes made
2025-09-18 10:32:22,996 - data_cleaner - [INFO] - Completed standardize_dates: 0 changes made
2025-09-18 10:32:22,996 - data_cleaner - [INFO] - Completed normalize_strings: 0 changes made
2025-09-18 10:32:23,012 - data_cleaner - [INFO] - Completed remove_duplicates: 0 changes made
2025-09-18 10:32:23,012 - data_cleaner - [INFO] - Completed standardize_text: 0 changes made
2025-09-18 10:32:23,016 - data_cleaner - [INFO] - Completed fix_data_types: 0 changes made
2025-09-18 10:32:23,016 - data_cleaner - [INFO] - Completed clean_numeric: 0 changes made
2025-09-18 10:32:23,016 - data_cleaner - [INFO] - Completed standardize_dates: 0 changes made
2025-09-18 10:32:23,018 - data_cleaner - [INFO] - Completed normalize_strings: 0 changes made
2025-09-18 10:32:23,020 - data_cleaner - [INFO] - Completed remove_outliers: 1 changes made
2025-09-18 10:32:23,020 - data_cleaner - [INFO] - Completed validate_formats: 0 changes made
2025-09-18 10:32:23,026 - data_cleaner - [INFO] - Completed remove_duplicates: 0 changes made
2025-09-18 10:32:23,027 - data_cleaner - [INFO] - Completed standardize_text: 0 changes made
2025-09-18 10:32:23,029 - data_cleaner - [INFO] - Completed fix_data_types: 0 changes made
2025-09-18 10:32:23,029 - data_cleaner - [INFO] - Completed clean_numeric: 0 changes made
2025-09-18 10:32:23,029 - data_cleaner - [INFO] - Completed standardize_dates: 0 changes made
2025-09-18 10:32:23,031 - data_cleaner - [INFO] - Completed normalize_strings: 0 changes made
2025-09-18 10:32:49,931 - data_cleaner - [INFO] - Completed remove_duplicates: 0 changes made
2025-09-18 10:32:49,931 - data_cleaner - [INFO] - Completed standardize_text: 8 changes made
2025-09-18 10:32:49,931 - data_cleaner - [INFO] - Completed fix_data_types: 0 changes made
2025-09-18 10:32:49,931 - data_cleaner - [INFO] - Completed clean_numeric: 0 changes made
2025-09-18 10:32:49,941 - data_cleaner - [INFO] - Completed standardize_dates: 0 changes made
2025-09-18 10:32:49,941 - data_cleaner - [INFO] - Completed normalize_strings: 0 changes made
2025-09-18 10:33:00,689 - data_cleaner - [INFO] - Completed remove_duplicates: 0 changes made
2025-09-18 10:33:00,695 - data_cleaner - [INFO] - Completed standardize_text: 0 changes made
2025-09-18 10:33:00,695 - data_cleaner - [INFO] - Completed fix_data_types: 0 changes made
2025-09-18 10:33:00,695 - data_cleaner - [INFO] - Completed clean_numeric: 0 changes made
2025-09-18 10:33:00,695 - data_cleaner - [INFO] - Completed standardize_dates: 0 changes made
2025-09-18 10:33:00,695 - data_cleaner - [INFO] - Completed normalize_strings: 0 changes made
2025-09-18 10:33:00,705 - data_cleaner - [INFO] - Completed remove_duplicates: 0 changes made
2025-09-18 10:33:00,706 - data_cleaner - [INFO] - Completed standardize_text: 0 changes made
2025-09-18 10:33:00,708 - data_cleaner - [INFO] - Completed fix_data_types: 0 changes made
2025-09-18 10:33:00,709 - data_cleaner - [INFO] - Completed clean_numeric: 0 changes made
2025-09-18 10:33:00,709 - data_cleaner - [INFO] - Completed standardize_dates: 0 changes made
2025-09-18 10:33:00,711 - data_cleaner - [INFO] - Completed normalize_strings: 0 changes made
2025-09-18 10:33:00,712 - data_cleaner - [INFO] - Completed remove_outliers: 1 changes made
2025-09-18 10:33:00,712 - data_cleaner - [INFO] - Completed validate_formats: 0 changes made
2025-09-18 10:33:00,712 - data_cleaner - [INFO] - Completed remove_duplicates: 0 changes made
2025-09-18 10:33:00,720 - data_cleaner - [INFO] - Completed standardize_text: 0 changes made
2025-09-18 10:33:00,722 - data_cleaner - [INFO] - Completed fix_data_types: 0 changes made
2025-09-18 10:33:00,722 - data_cleaner - [INFO] - Completed clean_numeric: 0 changes made
2025-09-18 10:33:00,724 - data_cleaner - [INFO] - Completed standardize_dates: 0 changes made
2025-09-18 10:33:00,725 - data_cleaner - [INFO] - Completed normalize_strings: 0 changes made
2025-09-18 10:33:22,031 - data_cleaner - [INFO] - Completed remove_duplicates: 0 changes made
2025-09-18 10:33:22,031 - data_cleaner - [INFO] - Completed standardize_text: 0 changes made
2025-09-18 10:33:22,036 - data_cleaner - [INFO] - Completed fix_data_types: 0 changes made
2025-09-18 10:33:22,037 - data_cleaner - [INFO] - Completed clean_numeric: 0 changes made
2025-09-18 10:33:22,037 - data_cleaner - [INFO] - Completed standardize_dates: 0 changes made
2025-09-18 10:33:22,041 - data_cleaner - [INFO] - Completed normalize_strings: 0 changes made
2025-09-18 10:33:22,047 - data_cleaner - [INFO] - Completed remove_duplicates: 0 changes made
2025-09-18 10:33:22,052 - data_cleaner - [INFO] - Completed standardize_text: 0 changes made
2025-09-18 10:33:22,052 - data_cleaner - [INFO] - Completed fix_data_types: 0 changes made
2025-09-18 10:33:22,054 - data_cleaner - [INFO] - Completed clean_numeric: 0 changes made
2025-09-18 10:33:22,054 - data_cleaner - [INFO] - Completed standardize_dates: 0 changes made
2025-09-18 10:33:22,058 - data_cleaner - [INFO] - Completed normalize_strings: 0 changes made
2025-09-18 10:33:22,063 - data_cleaner - [INFO] - Completed remove_outliers: 1 changes made
2025-09-18 10:33:22,063 - data_cleaner - [INFO] - Completed validate_formats: 0 changes made
2025-09-18 10:33:22,068 - data_cleaner - [INFO] - Completed remove_duplicates: 0 changes made
2025-09-18 10:33:22,068 - data_cleaner - [INFO] - Completed standardize_text: 0 changes made
2025-09-18 10:33:22,074 - data_cleaner - [INFO] - Completed fix_data_types: 0 changes made
2025-09-18 10:33:22,075 - data_cleaner - [INFO] - Completed clean_numeric: 0 changes made
2025-09-18 10:33:22,076 - data_cleaner - [INFO] - Completed standardize_dates: 0 changes made
2025-09-18 10:33:22,079 - data_cleaner - [INFO] - Completed normalize_strings: 0 changes made
2025-09-18 10:47:16,680 - data_cleaner - [INFO] - Completed remove_duplicates: 0 changes made
2025-09-18 10:47:16,684 - data_cleaner - [INFO] - Completed standardize_text: 8 changes made
2025-09-18 10:47:16,686 - data_cleaner - [INFO] - Completed fix_data_types: 0 changes made
2025-09-18 10:47:16,687 - data_cleaner - [INFO] - Completed clean_numeric: 0 changes made
2025-09-18 10:47:16,688 - data_cleaner - [INFO] - Completed standardize_dates: 0 changes made
2025-09-18 10:47:16,692 - data_cleaner - [INFO] - Completed normalize_strings: 0 changes made
2025-09-18 10:47:28,092 - data_cleaner - [INFO] - Completed remove_duplicates: 0 changes made
2025-09-18 10:47:28,108 - data_cleaner - [INFO] - Completed standardize_text: 0 changes made
2025-09-18 10:47:28,108 - data_cleaner - [INFO] - Completed fix_data_types: 0 changes made
2025-09-18 10:47:28,108 - data_cleaner - [INFO] - Completed clean_numeric: 0 changes made
2025-09-18 10:47:28,108 - data_cleaner - [INFO] - Completed standardize_dates: 0 changes made
2025-09-18 10:47:28,112 - data_cleaner - [INFO] - Completed normalize_strings: 0 changes made
2025-09-18 10:47:28,120 - data_cleaner - [INFO] - Completed remove_duplicates: 0 changes made
2025-09-18 10:47:28,123 - data_cleaner - [INFO] - Completed standardize_text: 0 changes made
2025-09-18 10:47:28,123 - data_cleaner - [INFO] - Completed fix_data_types: 0 changes made
2025-09-18 10:47:28,123 - data_cleaner - [INFO] - Completed clean_numeric: 0 changes made
2025-09-18 10:47:28,127 - data_cleaner - [INFO] - Completed standardize_dates: 0 changes made
2025-09-18 10:47:28,130 - data_cleaner - [INFO] - Completed normalize_strings: 0 changes made
2025-09-18 10:47:28,130 - data_cleaner - [INFO] - Completed remove_outliers: 1 changes made
2025-09-18 10:47:28,137 - data_cleaner - [INFO] - Completed validate_formats: 0 changes made
2025-09-18 10:47:28,142 - data_cleaner - [INFO] - Completed remove_duplicates: 0 changes made
2025-09-18 10:47:28,142 - data_cleaner - [INFO] - Completed standardize_text: 0 changes made
2025-09-18 10:47:28,142 - data_cleaner - [INFO] - Completed fix_data_types: 0 changes made
2025-09-18 10:47:28,142 - data_cleaner - [INFO] - Completed clean_numeric: 0 changes made
2025-09-18 10:47:28,142 - data_cleaner - [INFO] - Completed standardize_dates: 0 changes made
2025-09-18 10:47:28,152 - data_cleaner - [INFO] - Completed normalize_strings: 0 changes made
2025-09-18 10:47:57,789 - data_cleaner - [INFO] - Completed remove_duplicates: 0 changes made
2025-09-18 10:47:57,792 - data_cleaner - [INFO] - Completed standardize_text: 0 changes made
2025-09-18 10:47:57,793 - data_cleaner - [INFO] - Completed fix_data_types: 0 changes made
2025-09-18 10:47:57,795 - data_cleaner - [INFO] - Completed clean_numeric: 0 changes made
2025-09-18 10:47:57,795 - data_cleaner - [INFO] - Completed standardize_dates: 0 changes made
2025-09-18 10:47:57,797 - data_cleaner - [INFO] - Completed normalize_strings: 0 changes made
2025-09-18 10:47:57,808 - data_cleaner - [INFO] - Completed remove_duplicates: 0 changes made
2025-09-18 10:47:57,809 - data_cleaner - [INFO] - Completed standardize_text: 0 changes made
2025-09-18 10:47:57,809 - data_cleaner - [INFO] - Completed fix_data_types: 0 changes made
2025-09-18 10:47:57,812 - data_cleaner - [INFO] - Completed clean_numeric: 0 changes made
2025-09-18 10:47:57,812 - data_cleaner - [INFO] - Completed standardize_dates: 0 changes made
2025-09-18 10:47:57,814 - data_cleaner - [INFO] - Completed normalize_strings: 0 changes made
2025-09-18 10:47:57,817 - data_cleaner - [INFO] - Completed remove_outliers: 1 changes made
2025-09-18 10:47:57,817 - data_cleaner - [INFO] - Completed validate_formats: 0 changes made
2025-09-18 10:47:57,826 - data_cleaner - [INFO] - Completed remove_duplicates: 0 changes made
2025-09-18 10:47:57,826 - data_cleaner - [INFO] - Completed standardize_text: 0 changes made
2025-09-18 10:47:57,829 - data_cleaner - [INFO] - Completed fix_data_types: 0 changes made
2025-09-18 10:47:57,829 - data_cleaner - [INFO] - Completed clean_numeric: 0 changes made
2025-09-18 10:47:57,831 - data_cleaner - [INFO] - Completed standardize_dates: 0 changes made
2025-09-18 10:47:57,833 - data_cleaner - [INFO] - Completed normalize_strings: 0 changes made
2025-09-18 10:48:08,169 - data_cleaner - [INFO] - Completed remove_duplicates: 0 changes made
2025-09-18 10:48:08,171 - data_cleaner - [INFO] - Completed standardize_text: 0 changes made
2025-09-18 10:48:08,171 - data_cleaner - [INFO] - Completed fix_data_types: 0 changes made
2025-09-18 10:48:08,173 - data_cleaner - [INFO] - Completed clean_numeric: 0 changes made
2025-09-18 10:48:08,173 - data_cleaner - [INFO] - Completed standardize_dates: 0 changes made
2025-09-18 10:48:08,174 - data_cleaner - [INFO] - Completed normalize_strings: 0 changes made
2025-09-18 10:48:08,223 - data_cleaner - [INFO] - Completed remove_duplicates: 0 changes made
2025-09-18 10:48:08,225 - data_cleaner - [INFO] - Completed standardize_text: 0 changes made
2025-09-18 10:48:08,227 - data_cleaner - [INFO] - Completed fix_data_types: 0 changes made
2025-09-18 10:48:08,227 - data_cleaner - [INFO] - Completed clean_numeric: 0 changes made
2025-09-18 10:48:08,229 - data_cleaner - [INFO] - Completed standardize_dates: 0 changes made
2025-09-18 10:48:08,229 - data_cleaner - [INFO] - Completed normalize_strings: 0 changes made
2025-09-18 10:48:08,231 - data_cleaner - [INFO] - Completed remove_outliers: 1 changes made
2025-09-18 10:48:08,233 - data_cleaner - [INFO] - Completed validate_formats: 0 changes made
2025-09-18 10:48:08,237 - data_cleaner - [INFO] - Completed remove_duplicates: 0 changes made
2025-09-18 10:48:08,238 - data_cleaner - [INFO] - Completed standardize_text: 0 changes made
2025-09-18 10:48:08,240 - data_cleaner - [INFO] - Completed fix_data_types: 0 changes made
2025-09-18 10:48:08,240 - data_cleaner - [INFO] - Completed clean_numeric: 0 changes made
2025-09-18 10:48:08,240 - data_cleaner - [INFO] - Completed standardize_dates: 0 changes made
2025-09-18 10:48:08,240 - data_cleaner - [INFO] - Completed normalize_strings: 0 changes made
2025-09-18 10:48:16,269 - data_cleaner - [INFO] - Completed remove_duplicates: 0 changes made
2025-09-18 10:48:16,270 - data_cleaner - [INFO] - Completed standardize_text: 0 changes made
2025-09-18 10:48:16,272 - data_cleaner - [INFO] - Completed fix_data_types: 0 changes made
2025-09-18 10:48:16,272 - data_cleaner - [INFO] - Completed clean_numeric: 0 changes made
2025-09-18 10:48:16,273 - data_cleaner - [INFO] - Completed standardize_dates: 0 changes made
2025-09-18 10:48:16,275 - data_cleaner - [INFO] - Completed normalize_strings: 0 changes made
2025-09-18 10:48:16,280 - data_cleaner - [INFO] - Completed remove_duplicates: 0 changes made
2025-09-18 10:48:16,280 - data_cleaner - [INFO] - Completed standardize_text: 0 changes made
2025-09-18 10:48:16,282 - data_cleaner - [INFO] - Completed fix_data_types: 0 changes made
2025-09-18 10:48:16,282 - data_cleaner - [INFO] - Completed clean_numeric: 0 changes made
2025-09-18 10:48:16,282 - data_cleaner - [INFO] - Completed standardize_dates: 0 changes made
2025-09-18 10:48:16,282 - data_cleaner - [INFO] - Completed normalize_strings: 0 changes made
2025-09-18 10:48:16,282 - data_cleaner - [INFO] - Completed remove_outliers: 1 changes made
2025-09-18 10:48:16,282 - data_cleaner - [INFO] - Completed validate_formats: 0 changes made
2025-09-18 10:48:16,292 - data_cleaner - [INFO] - Completed remove_duplicates: 0 changes made
2025-09-18 10:48:16,294 - data_cleaner - [INFO] - Completed standardize_text: 0 changes made
2025-09-18 10:48:16,294 - data_cleaner - [INFO] - Completed fix_data_types: 0 changes made
2025-09-18 10:48:16,296 - data_cleaner - [INFO] - Completed clean_numeric: 0 changes made
2025-09-18 10:48:16,296 - data_cleaner - [INFO] - Completed standardize_dates: 0 changes made
2025-09-18 10:48:16,296 - data_cleaner - [INFO] - Completed normalize_strings: 0 changes made
2025-09-18 10:48:24,155 - data_cleaner - [INFO] - Completed remove_duplicates: 0 changes made
2025-09-18 10:48:24,161 - data_cleaner - [INFO] - Completed standardize_text: 0 changes made
2025-09-18 10:48:24,162 - data_cleaner - [INFO] - Completed fix_data_types: 0 changes made
2025-09-18 10:48:24,162 - data_cleaner - [INFO] - Completed clean_numeric: 0 changes made
2025-09-18 10:48:24,162 - data_cleaner - [INFO] - Completed standardize_dates: 0 changes made
2025-09-18 10:48:24,162 - data_cleaner - [INFO] - Completed normalize_strings: 0 changes made
2025-09-18 10:48:24,208 - data_cleaner - [INFO] - Completed remove_duplicates: 0 changes made
2025-09-18 10:48:24,208 - data_cleaner - [INFO] - Completed standardize_text: 0 changes made
2025-09-18 10:48:24,208 - data_cleaner - [INFO] - Completed fix_data_types: 0 changes made
2025-09-18 10:48:24,208 - data_cleaner - [INFO] - Completed clean_numeric: 0 changes made
2025-09-18 10:48:24,218 - data_cleaner - [INFO] - Completed standardize_dates: 0 changes made
2025-09-18 10:48:24,220 - data_cleaner - [INFO] - Completed normalize_strings: 0 changes made
2025-09-18 10:48:24,221 - data_cleaner - [INFO] - Completed remove_outliers: 1 changes made
2025-09-18 10:48:24,223 - data_cleaner - [INFO] - Completed validate_formats: 0 changes made
2025-09-18 10:48:24,228 - data_cleaner - [INFO] - Completed remove_duplicates: 0 changes made
2025-09-18 10:48:24,228 - data_cleaner - [INFO] - Completed standardize_text: 0 changes made
2025-09-18 10:48:24,228 - data_cleaner - [INFO] - Completed fix_data_types: 0 changes made
2025-09-18 10:48:24,228 - data_cleaner - [INFO] - Completed clean_numeric: 0 changes made
2025-09-18 10:48:24,228 - data_cleaner - [INFO] - Completed standardize_dates: 0 changes made
2025-09-18 10:48:24,234 - data_cleaner - [INFO] - Completed normalize_strings: 0 changes made
2025-09-18 10:51:19,982 - data_cleaner - [INFO] - Completed remove_duplicates: 0 changes made
2025-09-18 10:51:19,984 - data_cleaner - [INFO] - Completed standardize_text: 8 changes made
2025-09-18 10:51:19,986 - data_cleaner - [INFO] - Completed fix_data_types: 0 changes made
2025-09-18 10:51:19,986 - data_cleaner - [INFO] - Completed clean_numeric: 0 changes made
2025-09-18 10:51:19,989 - data_cleaner - [INFO] - Completed standardize_dates: 0 changes made
2025-09-18 10:51:19,993 - data_cleaner - [INFO] - Completed normalize_strings: 0 changes made
2025-09-18 10:51:31,726 - data_cleaner - [INFO] - Completed remove_duplicates: 0 changes made
2025-09-18 10:51:31,732 - data_cleaner - [INFO] - Completed standardize_text: 0 changes made
2025-09-18 10:51:31,734 - data_cleaner - [INFO] - Completed fix_data_types: 0 changes made
2025-09-18 10:51:31,734 - data_cleaner - [INFO] - Completed clean_numeric: 0 changes made
2025-09-18 10:51:31,736 - data_cleaner - [INFO] - Completed standardize_dates: 0 changes made
2025-09-18 10:51:31,738 - data_cleaner - [INFO] - Completed normalize_strings: 0 changes made
2025-09-18 10:51:31,743 - data_cleaner - [INFO] - Completed remove_duplicates: 0 changes made
2025-09-18 10:51:31,743 - data_cleaner - [INFO] - Completed standardize_text: 0 changes made
2025-09-18 10:51:31,743 - data_cleaner - [INFO] - Completed fix_data_types: 0 changes made
2025-09-18 10:51:31,743 - data_cleaner - [INFO] - Completed clean_numeric: 0 changes made
2025-09-18 10:51:31,743 - data_cleaner - [INFO] - Completed standardize_dates: 0 changes made
2025-09-18 10:51:31,743 - data_cleaner - [INFO] - Completed normalize_strings: 0 changes made
2025-09-18 10:51:31,759 - data_cleaner - [INFO] - Completed remove_outliers: 1 changes made
2025-09-18 10:51:31,759 - data_cleaner - [INFO] - Completed validate_formats: 0 changes made
2025-09-18 10:51:31,767 - data_cleaner - [INFO] - Completed remove_duplicates: 0 changes made
2025-09-18 10:51:31,769 - data_cleaner - [INFO] - Completed standardize_text: 0 changes made
2025-09-18 10:51:31,771 - data_cleaner - [INFO] - Completed fix_data_types: 0 changes made
2025-09-18 10:51:31,771 - data_cleaner - [INFO] - Completed clean_numeric: 0 changes made
2025-09-18 10:51:31,771 - data_cleaner - [INFO] - Completed standardize_dates: 0 changes made
2025-09-18 10:51:31,779 - data_cleaner - [INFO] - Completed normalize_strings: 0 changes made
2025-09-18 10:51:55,744 - data_cleaner - [INFO] - Completed remove_duplicates: 0 changes made
2025-09-18 10:51:55,745 - data_cleaner - [INFO] - Completed standardize_text: 8 changes made
2025-09-18 10:51:55,745 - data_cleaner - [INFO] - Completed fix_data_types: 0 changes made
2025-09-18 10:51:55,745 - data_cleaner - [INFO] - Completed clean_numeric: 0 changes made
2025-09-18 10:51:55,745 - data_cleaner - [INFO] - Completed standardize_dates: 0 changes made
2025-09-18 10:51:55,752 - data_cleaner - [INFO] - Completed normalize_strings: 0 changes made
2025-09-18 10:52:06,563 - data_cleaner - [INFO] - Completed remove_duplicates: 0 changes made
2025-09-18 10:52:06,565 - data_cleaner - [INFO] - Completed standardize_text: 0 changes made
2025-09-18 10:52:06,565 - data_cleaner - [INFO] - Completed fix_data_types: 0 changes made
2025-09-18 10:52:06,565 - data_cleaner - [INFO] - Completed clean_numeric: 0 changes made
2025-09-18 10:52:06,565 - data_cleaner - [INFO] - Completed standardize_dates: 0 changes made
2025-09-18 10:52:06,565 - data_cleaner - [INFO] - Completed normalize_strings: 0 changes made
2025-09-18 10:52:06,580 - data_cleaner - [INFO] - Completed remove_duplicates: 0 changes made
2025-09-18 10:52:06,582 - data_cleaner - [INFO] - Completed standardize_text: 0 changes made
2025-09-18 10:52:06,582 - data_cleaner - [INFO] - Completed fix_data_types: 0 changes made
2025-09-18 10:52:06,582 - data_cleaner - [INFO] - Completed clean_numeric: 0 changes made
2025-09-18 10:52:06,591 - data_cleaner - [INFO] - Completed standardize_dates: 0 changes made
2025-09-18 10:52:06,593 - data_cleaner - [INFO] - Completed normalize_strings: 0 changes made
2025-09-18 10:52:06,597 - data_cleaner - [INFO] - Completed remove_outliers: 1 changes made
2025-09-18 10:52:06,597 - data_cleaner - [INFO] - Completed validate_formats: 0 changes made
2025-09-18 10:52:06,605 - data_cleaner - [INFO] - Completed remove_duplicates: 0 changes made
2025-09-18 10:52:06,609 - data_cleaner - [INFO] - Completed standardize_text: 0 changes made
2025-09-18 10:52:06,609 - data_cleaner - [INFO] - Completed fix_data_types: 0 changes made
2025-09-18 10:52:06,609 - data_cleaner - [INFO] - Completed clean_numeric: 0 changes made
2025-09-18 10:52:06,609 - data_cleaner - [INFO] - Completed standardize_dates: 0 changes made
2025-09-18 10:52:06,609 - data_cleaner - [INFO] - Completed normalize_strings: 0 changes made
2025-09-18 11:00:36,843 - data_cleaner - [INFO] - Completed remove_duplicates: 0 changes made
2025-09-18 11:00:36,843 - data_cleaner - [INFO] - Completed standardize_text: 8 changes made
2025-09-18 11:00:36,843 - data_cleaner - [INFO] - Completed fix_data_types: 0 changes made
2025-09-18 11:00:36,843 - data_cleaner - [INFO] - Completed clean_numeric: 0 changes made
2025-09-18 11:00:36,849 - data_cleaner - [INFO] - Completed standardize_dates: 0 changes made
2025-09-18 11:00:36,849 - data_cleaner - [INFO] - Completed normalize_strings: 0 changes made
2025-09-18 11:00:48,489 - data_cleaner - [INFO] - Completed remove_duplicates: 0 changes made
2025-09-18 11:00:48,494 - data_cleaner - [INFO] - Completed standardize_text: 0 changes made
2025-09-18 11:00:48,494 - data_cleaner - [INFO] - Completed fix_data_types: 0 changes made
2025-09-18 11:00:48,494 - data_cleaner - [INFO] - Completed clean_numeric: 0 changes made
2025-09-18 11:00:48,494 - data_cleaner - [INFO] - Completed standardize_dates: 0 changes made
2025-09-18 11:00:48,494 - data_cleaner - [INFO] - Completed normalize_strings: 0 changes made
2025-09-18 11:00:48,512 - data_cleaner - [INFO] - Completed remove_duplicates: 0 changes made
2025-09-18 11:00:48,512 - data_cleaner - [INFO] - Completed standardize_text: 0 changes made
2025-09-18 11:00:48,512 - data_cleaner - [INFO] - Completed fix_data_types: 0 changes made
2025-09-18 11:00:48,512 - data_cleaner - [INFO] - Completed clean_numeric: 0 changes made
2025-09-18 11:00:48,521 - data_cleaner - [INFO] - Completed standardize_dates: 0 changes made
2025-09-18 11:00:48,525 - data_cleaner - [INFO] - Completed normalize_strings: 0 changes made
2025-09-18 11:00:48,528 - data_cleaner - [INFO] - Completed remove_outliers: 1 changes made
2025-09-18 11:00:48,528 - data_cleaner - [INFO] - Completed validate_formats: 0 changes made
2025-09-18 11:00:48,538 - data_cleaner - [INFO] - Completed remove_duplicates: 0 changes made
2025-09-18 11:00:48,539 - data_cleaner - [INFO] - Completed standardize_text: 0 changes made
2025-09-18 11:00:48,543 - data_cleaner - [INFO] - Completed fix_data_types: 0 changes made
2025-09-18 11:00:48,543 - data_cleaner - [INFO] - Completed clean_numeric: 0 changes made
2025-09-18 11:00:48,545 - data_cleaner - [INFO] - Completed standardize_dates: 0 changes made
2025-09-18 11:00:48,545 - data_cleaner - [INFO] - Completed normalize_strings: 0 changes made
2025-09-18 11:05:24,189 - data_cleaner - [INFO] - Completed remove_duplicates: 0 changes made
2025-09-18 11:05:24,189 - data_cleaner - [INFO] - Completed standardize_text: 8 changes made
2025-09-18 11:05:24,189 - data_cleaner - [INFO] - Completed fix_data_types: 0 changes made
2025-09-18 11:05:24,189 - data_cleaner - [INFO] - Completed clean_numeric: 0 changes made
2025-09-18 11:05:24,189 - data_cleaner - [INFO] - Completed standardize_dates: 0 changes made
2025-09-18 11:05:24,203 - data_cleaner - [INFO] - Completed normalize_strings: 0 changes made
2025-09-18 11:05:35,507 - data_cleaner - [INFO] - Completed remove_duplicates: 0 changes made
2025-09-18 11:05:35,516 - data_cleaner - [INFO] - Completed standardize_text: 0 changes made
2025-09-18 11:05:35,518 - data_cleaner - [INFO] - Completed fix_data_types: 0 changes made
2025-09-18 11:05:35,520 - data_cleaner - [INFO] - Completed clean_numeric: 0 changes made
2025-09-18 11:05:35,520 - data_cleaner - [INFO] - Completed standardize_dates: 0 changes made
2025-09-18 11:05:35,523 - data_cleaner - [INFO] - Completed normalize_strings: 0 changes made
2025-09-18 11:05:35,529 - data_cleaner - [INFO] - Completed remove_duplicates: 0 changes made
2025-09-18 11:05:35,533 - data_cleaner - [INFO] - Completed standardize_text: 0 changes made
2025-09-18 11:05:35,535 - data_cleaner - [INFO] - Completed fix_data_types: 0 changes made
2025-09-18 11:05:35,537 - data_cleaner - [INFO] - Completed clean_numeric: 0 changes made
2025-09-18 11:05:35,537 - data_cleaner - [INFO] - Completed standardize_dates: 0 changes made
2025-09-18 11:05:35,540 - data_cleaner - [INFO] - Completed normalize_strings: 0 changes made
2025-09-18 11:05:35,544 - data_cleaner - [INFO] - Completed remove_outliers: 1 changes made
2025-09-18 11:05:35,546 - data_cleaner - [INFO] - Completed validate_formats: 0 changes made
2025-09-18 11:05:35,553 - data_cleaner - [INFO] - Completed remove_duplicates: 0 changes made
2025-09-18 11:05:35,553 - data_cleaner - [INFO] - Completed standardize_text: 0 changes made
2025-09-18 11:05:35,556 - data_cleaner - [INFO] - Completed fix_data_types: 0 changes made
2025-09-18 11:05:35,556 - data_cleaner - [INFO] - Completed clean_numeric: 0 changes made
2025-09-18 11:05:35,556 - data_cleaner - [INFO] - Completed standardize_dates: 0 changes made
2025-09-18 11:05:35,560 - data_cleaner - [INFO] - Completed normalize_strings: 0 changes made
2025-09-25 23:30:15,543 - data_cleaner - [INFO] - Completed remove_duplicates: 0 changes made
2025-09-25 23:30:15,545 - data_cleaner - [INFO] - Completed standardize_text: 8 changes made
2025-09-25 23:30:15,547 - data_cleaner - [INFO] - Completed fix_data_types: 0 changes made
2025-09-25 23:30:15,548 - data_cleaner - [INFO] - Completed clean_numeric: 0 changes made
2025-09-25 23:30:15,549 - data_cleaner - [INFO] - Completed standardize_dates: 0 changes made
2025-09-25 23:30:15,550 - data_cleaner - [INFO] - Completed normalize_strings: 0 changes made
